# JRE version: Java(TM) SE Runtime Environment (8.0_144-b01) (build 1.8.0_144-b01)
# Java VM: Java HotSpot(TM) 64-Bit Server VM (25.144-b01 mixed mode windows-amd64 compressed oops)
Heap:
 PSYoungGen      total 83968K, used 72276K [0x00000000f5580000, 0x00000000fac80000, 0x0000000100000000)
  eden space 78848K, 90% used [0x00000000f5580000,0x00000000f9b6d8a8,0x00000000fa280000)
  from space 5120K, 13% used [0x00000000fa780000,0x00000000fa827820,0x00000000fac80000)
  to   space 5120K, 0% used [0x00000000fa280000,0x00000000fa280000,0x00000000fa780000)
 ParOldGen       total 92160K, used 78930K [0x00000000e0000000, 0x00000000e5a00000, 0x00000000f5580000)
  object space 92160K, 85% used [0x00000000e0000000,0x00000000e4d14808,0x00000000e5a00000)
 Metaspace       used 59716K, capacity 67248K, committed 67328K, reserved 1107968K
  class space    used 7062K, capacity 9174K, committed 9216K, reserved 1048576K
GC Heap History (10 events):
Event: 186.873 GC heap before
{Heap before GC invocations=55 (full 3):
 PSYoungGen      total 52224K, used 47840K [0x00000000f5580000, 0x00000000f9580000, 0x0000000100000000)
  eden space 47616K, 100% used [0x00000000f5580000,0x00000000f8400000,0x00000000f8400000)
  from space 4608K, 4% used [0x00000000f8400000,0x00000000f8438000,0x00000000f8880000)
  to   space 4608K, 0% used [0x00000000f9100000,0x00000000f9100000,0x00000000f9580000)
 ParOldGen       total 92160K, used 72292K [0x00000000e0000000, 0x00000000e5a00000, 0x00000000f5580000)
  object space 92160K, 78% used [0x00000000e0000000,0x00000000e46992f0,0x00000000e5a00000)
 Metaspace       used 59426K, capacity 66556K, committed 66816K, reserved 1107968K
  class space    used 7048K, capacity 9148K, committed 9216K, reserved 1048576K
Event: 186.878 GC heap after
Heap after GC invocations=55 (full 3):
 PSYoungGen      total 60928K, used 544K [0x00000000f5580000, 0x00000000f9500000, 0x0000000100000000)
  eden space 56832K, 0% used [0x00000000f5580000,0x00000000f5580000,0x00000000f8d00000)
  from space 4096K, 13% used [0x00000000f9100000,0x00000000f9188000,0x00000000f9500000)
  to   space 4096K, 0% used [0x00000000f8d00000,0x00000000f8d00000,0x00000000f9100000)
 ParOldGen       total 92160K, used 72378K [0x00000000e0000000, 0x00000000e5a00000, 0x00000000f5580000)
  object space 92160K, 78% used [0x00000000e0000000,0x00000000e46ae9c0,0x00000000e5a00000)
 Metaspace       used 59426K, capacity 66556K, committed 66816K, reserved 1107968K
  class space    used 7048K, capacity 9148K, committed 9216K, reserved 1048576K
}
Event: 187.192 GC heap before
{Heap before GC invocations=56 (full 3):
 PSYoungGen      total 60928K, used 57376K [0x00000000f5580000, 0x00000000f9500000, 0x0000000100000000)
  eden space 56832K, 100% used [0x00000000f5580000,0x00000000f8d00000,0x00000000f8d00000)
  from space 4096K, 13% used [0x00000000f9100000,0x00000000f9188000,0x00000000f9500000)
  to   space 4096K, 0% used [0x00000000f8d00000,0x00000000f8d00000,0x00000000f9100000)
 ParOldGen       total 92160K, used 72378K [0x00000000e0000000, 0x00000000e5a00000, 0x00000000f5580000)
  object space 92160K, 78% used [0x00000000e0000000,0x00000000e46ae9c0,0x00000000e5a00000)
 Metaspace       used 59477K, capacity 66722K, committed 66816K, reserved 1107968K
  class space    used 7049K, capacity 9149K, committed 9216K, reserved 1048576K
Event: 187.199 GC heap after
Heap after GC invocations=56 (full 3):
 PSYoungGen      total 60928K, used 605K [0x00000000f5580000, 0x00000000f9f80000, 0x0000000100000000)
  eden space 56832K, 0% used [0x00000000f5580000,0x00000000f5580000,0x00000000f8d00000)
  from space 4096K, 14% used [0x00000000f8d00000,0x00000000f8d97670,0x00000000f9100000)
  to   space 4096K, 0% used [0x00000000f9b80000,0x00000000f9b80000,0x00000000f9f80000)
 ParOldGen       total 92160K, used 72871K [0x00000000e0000000, 0x00000000e5a00000, 0x00000000f5580000)
  object space 92160K, 79% used [0x00000000e0000000,0x00000000e4729fa8,0x00000000e5a00000)
 Metaspace       used 59477K, capacity 66722K, committed 66816K, reserved 1107968K
  class space    used 7049K, capacity 9149K, committed 9216K, reserved 1048576K
}
Event: 188.400 GC heap before
{Heap before GC invocations=57 (full 3):
 PSYoungGen      total 60928K, used 57437K [0x00000000f5580000, 0x00000000f9f80000, 0x0000000100000000)
  eden space 56832K, 100% used [0x00000000f5580000,0x00000000f8d00000,0x00000000f8d00000)
  from space 4096K, 14% used [0x00000000f8d00000,0x00000000f8d97670,0x00000000f9100000)
  to   space 4096K, 0% used [0x00000000f9b80000,0x00000000f9b80000,0x00000000f9f80000)
 ParOldGen       total 92160K, used 72871K [0x00000000e0000000, 0x00000000e5a00000, 0x00000000f5580000)
  object space 92160K, 79% used [0x00000000e0000000,0x00000000e4729fa8,0x00000000e5a00000)
 Metaspace       used 59583K, capacity 66830K, committed 67072K, reserved 1107968K
  class space    used 7055K, capacity 9161K, committed 9216K, reserved 1048576K
Event: 188.411 GC heap after
Heap after GC invocations=57 (full 3):
 PSYoungGen      total 70656K, used 4096K [0x00000000f5580000, 0x00000000fa180000, 0x0000000100000000)
  eden space 66560K, 0% used [0x00000000f5580000,0x00000000f5580000,0x00000000f9680000)
  from space 4096K, 100% used [0x00000000f9b80000,0x00000000f9f80000,0x00000000f9f80000)
  to   space 5120K, 0% used [0x00000000f9680000,0x00000000f9680000,0x00000000f9b80000)
 ParOldGen       total 92160K, used 74019K [0x00000000e0000000, 0x00000000e5a00000, 0x00000000f5580000)
  object space 92160K, 80% used [0x00000000e0000000,0x00000000e4848cf8,0x00000000e5a00000)
 Metaspace       used 59583K, capacity 66830K, committed 67072K, reserved 1107968K
  class space    used 7055K, capacity 9161K, committed 9216K, reserved 1048576K
}
Event: 188.792 GC heap before
{Heap before GC invocations=58 (full 3):
 PSYoungGen      total 70656K, used 70656K [0x00000000f5580000, 0x00000000fa180000, 0x0000000100000000)
  eden space 66560K, 100% used [0x00000000f5580000,0x00000000f9680000,0x00000000f9680000)
  from space 4096K, 100% used [0x00000000f9b80000,0x00000000f9f80000,0x00000000f9f80000)
  to   space 5120K, 0% used [0x00000000f9680000,0x00000000f9680000,0x00000000f9b80000)
 ParOldGen       total 92160K, used 74019K [0x00000000e0000000, 0x00000000e5a00000, 0x00000000f5580000)
  object space 92160K, 80% used [0x00000000e0000000,0x00000000e4848cf8,0x00000000e5a00000)
 Metaspace       used 59617K, capacity 66896K, committed 67072K, reserved 1107968K
  class space    used 7058K, capacity 9166K, committed 9216K, reserved 1048576K
Event: 188.800 GC heap after
Heap after GC invocations=58 (full 3):
 PSYoungGen      total 71680K, used 608K [0x00000000f5580000, 0x00000000fac80000, 0x0000000100000000)
  eden space 66560K, 0% used [0x00000000f5580000,0x00000000f5580000,0x00000000f9680000)
  from space 5120K, 11% used [0x00000000f9680000,0x00000000f9718000,0x00000000f9b80000)
  to   space 5120K, 0% used [0x00000000fa780000,0x00000000fa780000,0x00000000fac80000)
 ParOldGen       total 92160K, used 78420K [0x00000000e0000000, 0x00000000e5a00000, 0x00000000f5580000)
  object space 92160K, 85% used [0x00000000e0000000,0x00000000e4c95220,0x00000000e5a00000)
 Metaspace       used 59617K, capacity 66896K, committed 67072K, reserved 1107968K
  class space    used 7058K, capacity 9166K, committed 9216K, reserved 1048576K
}
Event: 189.325 GC heap before
{Heap before GC invocations=59 (full 3):
 PSYoungGen      total 71680K, used 67168K [0x00000000f5580000, 0x00000000fac80000, 0x0000000100000000)
  eden space 66560K, 100% used [0x00000000f5580000,0x00000000f9680000,0x00000000f9680000)
  from space 5120K, 11% used [0x00000000f9680000,0x00000000f9718000,0x00000000f9b80000)
  to   space 5120K, 0% used [0x00000000fa780000,0x00000000fa780000,0x00000000fac80000)
 ParOldGen       total 92160K, used 78420K [0x00000000e0000000, 0x00000000e5a00000, 0x00000000f5580000)
  object space 92160K, 85% used [0x00000000e0000000,0x00000000e4c95220,0x00000000e5a00000)
 Metaspace       used 59672K, capacity 67068K, committed 67328K, reserved 1107968K
  class space    used 7059K, capacity 9168K, committed 9216K, reserved 1048576K
Event: 189.337 GC heap after
Heap after GC invocations=59 (full 3):
 PSYoungGen      total 83968K, used 670K [0x00000000f5580000, 0x00000000fac80000, 0x0000000100000000)
  eden space 78848K, 0% used [0x00000000f5580000,0x00000000f5580000,0x00000000fa280000)
  from space 5120K, 13% used [0x00000000fa780000,0x00000000fa827820,0x00000000fac80000)
  to   space 5120K, 0% used [0x00000000fa280000,0x00000000fa280000,0x00000000fa780000)
 ParOldGen       total 92160K, used 78930K [0x00000000e0000000, 0x00000000e5a00000, 0x00000000f5580000)
  object space 92160K, 85% used [0x00000000e0000000,0x00000000e4d14808,0x00000000e5a00000)
 Metaspace       used 59672K, capacity 67068K, committed 67328K, reserved 1107968K
  class space    used 7059K, capacity 9168K, committed 9216K, reserved 1048576K
}

